  Flash.cpp
E:\SFML\Flappy-Bird-Clone-using-CPP-SFML\SFML Template\SFML Template\Flash.cpp(6,94): warning C4244: 'argument': conversion from 'T' to 'T', possible loss of data
          with
          [
              T=unsigned int
          ]
          and
          [
              T=float
          ]
E:\SFML\Flappy-Bird-Clone-using-CPP-SFML\SFML Template\SFML Template\Flash.cpp(6,67): warning C4244: 'argument': conversion from 'T' to 'T', possible loss of data
          with
          [
              T=unsigned int
          ]
          and
          [
              T=float
          ]
E:\SFML\Flappy-Bird-Clone-using-CPP-SFML\SFML Template\SFML Template\Flash.cpp(15,14): warning C4244: 'initializing': conversion from 'float' to 'int', possible loss of data
E:\SFML\Flappy-Bird-Clone-using-CPP-SFML\SFML Template\SFML Template\Flash.cpp(19,13): warning C4244: '=': conversion from 'float' to 'int', possible loss of data
E:\SFML\Flappy-Bird-Clone-using-CPP-SFML\SFML Template\SFML Template\Flash.cpp(27,14): warning C4244: 'initializing': conversion from 'float' to 'int', possible loss of data
E:\SFML\Flappy-Bird-Clone-using-CPP-SFML\SFML Template\SFML Template\Flash.cpp(31,13): warning C4244: '=': conversion from 'float' to 'int', possible loss of data
  GameState.cpp
  MainMenuState.cpp
  Generating code
  8 of 554 functions ( 1.4%) were compiled, the rest were copied from previous compilation.
    0 functions were new in current compilation
    2 functions had inline decision re-evaluated but remain unchanged
  Finished generating code
  SFML Template.vcxproj -> E:\SFML\Flappy-Bird-Clone-using-CPP-SFML\SFML Template\x64\Release\SFML Template.exe
